{"meta": {"format": 3, "version": "7.11.3", "timestamp": "2025-11-14T15:44:04.929570", "branch_coverage": false, "show_contexts": false}, "files": {"src\\data_extract\\chunk\\__init__.py": {"executed_lines": [1, 11, 12, 14], "summary": {"covered_lines": 3, "num_statements": 3, "percent_covered": 100.0, "percent_covered_display": "100", "missing_lines": 0, "excluded_lines": 0}, "missing_lines": [], "excluded_lines": [], "functions": {"": {"executed_lines": [1, 11, 12, 14], "summary": {"covered_lines": 3, "num_statements": 3, "percent_covered": 100.0, "percent_covered_display": "100", "missing_lines": 0, "excluded_lines": 0}, "missing_lines": [], "excluded_lines": []}}, "classes": {"": {"executed_lines": [1, 11, 12, 14], "summary": {"covered_lines": 3, "num_statements": 3, "percent_covered": 100.0, "percent_covered_display": "100", "missing_lines": 0, "excluded_lines": 0}, "missing_lines": [], "excluded_lines": []}}}, "src\\data_extract\\chunk\\engine.py": {"executed_lines": [1, 19, 20, 22, 24, 25, 26, 27, 29, 32, 33, 64, 92, 94, 97, 98, 99, 100, 101, 102, 105, 106, 111, 112, 118, 126, 147, 149, 184, 185, 186, 191, 194, 197, 198, 204, 214, 217, 220, 221, 222, 223, 224, 227, 228, 236, 237, 247, 248, 251, 252, 255, 260, 282, 283, 285, 286, 295, 306, 308, 309, 311, 312, 315, 316, 317, 318, 319, 320, 324, 325, 326, 330, 331, 337, 339, 343, 344, 346, 347, 348, 349, 352, 354, 355, 356, 357, 361, 362, 363, 367, 368, 371, 374, 377, 378, 381, 384, 387, 388, 389, 392, 395, 396, 397, 404, 405, 407, 409, 432, 434, 437, 438, 439, 441, 442, 443, 448, 449, 450, 454, 456, 461, 462, 463, 464, 465, 469, 483, 484, 485, 487, 490, 492, 493, 495, 496, 501, 502, 503, 504, 505, 509, 511, 513, 514, 515, 516, 517, 520, 522, 529, 531, 564, 565, 566, 569, 570, 571, 572, 573, 575, 576, 577, 580, 582, 601, 602, 610, 611, 612, 613, 621, 622, 623, 627, 629, 630, 631, 632, 634, 635, 636, 637, 639, 640, 641, 644, 645, 646, 651, 652, 660, 661, 664, 665, 666, 667, 670, 671, 672, 675, 677, 679, 682, 703, 704, 705, 713, 716, 718, 719, 720, 721, 722, 723, 724, 726, 728, 729, 731, 732, 735, 736, 737, 738, 739, 740, 741, 749, 751, 764, 765, 768, 769, 771, 772, 774, 775, 779, 781, 803, 805, 806, 809, 810, 812, 814, 818, 830, 833, 834, 835, 837, 838, 840, 842, 844, 858, 859, 860, 861, 862, 864, 890, 891, 892, 895, 898, 922, 930], "summary": {"covered_lines": 269, "num_statements": 320, "percent_covered": 84.0625, "percent_covered_display": "84", "missing_lines": 51, "excluded_lines": 0}, "missing_lines": [93, 95, 199, 200, 205, 206, 211, 321, 322, 327, 328, 358, 359, 364, 365, 444, 445, 451, 452, 470, 472, 474, 475, 476, 477, 478, 479, 480, 583, 584, 585, 586, 587, 588, 596, 597, 598, 638, 685, 686, 687, 688, 689, 690, 692, 693, 694, 695, 696, 776, 777], "excluded_lines": [], "functions": {"ChunkingEngine.__init__": {"executed_lines": [92, 94, 97, 98, 99, 100, 101, 102, 105, 106, 111, 112, 118], "summary": {"covered_lines": 13, "num_statements": 15, "percent_covered": 86.66666666666667, "percent_covered_display": "87", "missing_lines": 2, "excluded_lines": 0}, "missing_lines": [93, 95], "excluded_lines": []}, "ChunkingEngine.process": {"executed_lines": [147], "summary": {"covered_lines": 1, "num_statements": 1, "percent_covered": 100.0, "percent_covered_display": "100", "missing_lines": 0, "excluded_lines": 0}, "missing_lines": [], "excluded_lines": []}, "ChunkingEngine.chunk_document": {"executed_lines": [184, 185, 186, 191, 194, 197, 198, 204, 214, 217, 220, 221, 222, 223, 224, 227, 228, 236, 237, 247, 248, 251, 252, 255, 260, 282, 283, 285, 286], "summary": {"covered_lines": 29, "num_statements": 34, "percent_covered": 85.29411764705883, "percent_covered_display": "85", "missing_lines": 5, "excluded_lines": 0}, "missing_lines": [199, 200, 205, 206, 211], "excluded_lines": []}, "ChunkingEngine._build_section_hierarchy": {"executed_lines": [306, 308, 309, 311, 312, 315, 316, 317, 318, 319, 320, 324, 325, 326, 330, 331, 337, 339, 343, 344, 346, 347, 348, 349, 352, 354, 355, 356, 357, 361, 362, 363, 367, 368, 371, 374, 377, 378, 381, 384, 387, 388, 389, 392, 395, 396, 397, 404, 405, 407], "summary": {"covered_lines": 50, "num_statements": 58, "percent_covered": 86.20689655172414, "percent_covered_display": "86", "missing_lines": 8, "excluded_lines": 0}, "missing_lines": [321, 322, 327, 328, 358, 359, 364, 365], "excluded_lines": []}, "ChunkingEngine._detect_section_boundaries": {"executed_lines": [432, 434, 437, 438, 439, 441, 442, 443, 448, 449, 450, 454, 456, 461, 462, 463, 464, 465, 469, 483, 484, 485, 487, 490, 492, 493, 495, 496, 501, 502, 503, 504, 505, 509, 511, 513, 514, 515, 516, 517, 520, 522, 529], "summary": {"covered_lines": 43, "num_statements": 56, "percent_covered": 76.78571428571429, "percent_covered_display": "77", "missing_lines": 13, "excluded_lines": 0}, "missing_lines": [444, 445, 451, 452, 470, 472, 474, 475, 476, 477, 478, 479, 480], "excluded_lines": []}, "ChunkingEngine._generate_chunks": {"executed_lines": [564, 565, 566, 569, 570, 571, 572, 573, 575, 576, 577, 580, 582, 601, 602, 610, 611, 612, 613, 621, 622, 623, 627, 629, 630, 631, 632, 634, 635, 636, 637, 639, 640, 641, 644, 645, 646, 651, 652, 660, 661, 664, 665, 666, 667, 670, 671, 672, 675, 677, 679, 682, 703, 704, 705, 713, 716, 718, 719, 720, 721, 722, 723, 724, 726, 728, 729, 731, 732, 735, 736, 737, 738, 739, 740, 741, 749], "summary": {"covered_lines": 77, "num_statements": 98, "percent_covered": 78.57142857142857, "percent_covered_display": "79", "missing_lines": 21, "excluded_lines": 0}, "missing_lines": [583, 584, 585, 586, 587, 588, 596, 597, 598, 638, 685, 686, 687, 688, 689, 690, 692, 693, 694, 695, 696], "excluded_lines": []}, "ChunkingEngine._find_nearest_gap": {"executed_lines": [764, 765, 768, 769, 771, 772, 774, 775, 779], "summary": {"covered_lines": 9, "num_statements": 11, "percent_covered": 81.81818181818181, "percent_covered_display": "82", "missing_lines": 2, "excluded_lines": 0}, "missing_lines": [776, 777], "excluded_lines": []}, "ChunkingEngine._build_chunk_metadata": {"executed_lines": [803, 805, 806, 809, 810, 812, 814, 818, 830, 833, 834, 835, 837, 838, 840, 842], "summary": {"covered_lines": 16, "num_statements": 16, "percent_covered": 100.0, "percent_covered_display": "100", "missing_lines": 0, "excluded_lines": 0}, "missing_lines": [], "excluded_lines": []}, "ChunkingEngine._extract_chunk_entities": {"executed_lines": [858, 859, 860, 861, 862], "summary": {"covered_lines": 5, "num_statements": 5, "percent_covered": 100.0, "percent_covered_display": "100", "missing_lines": 0, "excluded_lines": 0}, "missing_lines": [], "excluded_lines": []}, "ChunkingEngine._create_chunk_metadata": {"executed_lines": [890, 891, 892, 895, 898, 922, 930], "summary": {"covered_lines": 7, "num_statements": 7, "percent_covered": 100.0, "percent_covered_display": "100", "missing_lines": 0, "excluded_lines": 0}, "missing_lines": [], "excluded_lines": []}, "": {"executed_lines": [1, 19, 20, 22, 24, 25, 26, 27, 29, 32, 33, 64, 126, 149, 295, 409, 531, 751, 781, 844, 864], "summary": {"covered_lines": 19, "num_statements": 19, "percent_covered": 100.0, "percent_covered_display": "100", "missing_lines": 0, "excluded_lines": 0}, "missing_lines": [], "excluded_lines": []}}, "classes": {"ChunkingEngine": {"executed_lines": [92, 94, 97, 98, 99, 100, 101, 102, 105, 106, 111, 112, 118, 147, 184, 185, 186, 191, 194, 197, 198, 204, 214, 217, 220, 221, 222, 223, 224, 227, 228, 236, 237, 247, 248, 251, 252, 255, 260, 282, 283, 285, 286, 306, 308, 309, 311, 312, 315, 316, 317, 318, 319, 320, 324, 325, 326, 330, 331, 337, 339, 343, 344, 346, 347, 348, 349, 352, 354, 355, 356, 357, 361, 362, 363, 367, 368, 371, 374, 377, 378, 381, 384, 387, 388, 389, 392, 395, 396, 397, 404, 405, 407, 432, 434, 437, 438, 439, 441, 442, 443, 448, 449, 450, 454, 456, 461, 462, 463, 464, 465, 469, 483, 484, 485, 487, 490, 492, 493, 495, 496, 501, 502, 503, 504, 505, 509, 511, 513, 514, 515, 516, 517, 520, 522, 529, 564, 565, 566, 569, 570, 571, 572, 573, 575, 576, 577, 580, 582, 601, 602, 610, 611, 612, 613, 621, 622, 623, 627, 629, 630, 631, 632, 634, 635, 636, 637, 639, 640, 641, 644, 645, 646, 651, 652, 660, 661, 664, 665, 666, 667, 670, 671, 672, 675, 677, 679, 682, 703, 704, 705, 713, 716, 718, 719, 720, 721, 722, 723, 724, 726, 728, 729, 731, 732, 735, 736, 737, 738, 739, 740, 741, 749, 764, 765, 768, 769, 771, 772, 774, 775, 779, 803, 805, 806, 809, 810, 812, 814, 818, 830, 833, 834, 835, 837, 838, 840, 842, 858, 859, 860, 861, 862, 890, 891, 892, 895, 898, 922, 930], "summary": {"covered_lines": 250, "num_statements": 301, "percent_covered": 83.05647840531562, "percent_covered_display": "83", "missing_lines": 51, "excluded_lines": 0}, "missing_lines": [93, 95, 199, 200, 205, 206, 211, 321, 322, 327, 328, 358, 359, 364, 365, 444, 445, 451, 452, 470, 472, 474, 475, 476, 477, 478, 479, 480, 583, 584, 585, 586, 587, 588, 596, 597, 598, 638, 685, 686, 687, 688, 689, 690, 692, 693, 694, 695, 696, 776, 777], "excluded_lines": []}, "": {"executed_lines": [1, 19, 20, 22, 24, 25, 26, 27, 29, 32, 33, 64, 126, 149, 295, 409, 531, 751, 781, 844, 864], "summary": {"covered_lines": 19, "num_statements": 19, "percent_covered": 100.0, "percent_covered_display": "100", "missing_lines": 0, "excluded_lines": 0}, "missing_lines": [], "excluded_lines": []}}}, "src\\data_extract\\chunk\\entity_preserver.py": {"executed_lines": [1, 18, 19, 20, 22, 25, 26, 27, 53, 54, 55, 56, 57, 58, 60, 66, 76, 77, 100, 109, 111, 113, 135, 136, 138, 140, 142, 143, 146, 147, 148, 151, 152, 153, 154, 157, 167, 170, 172, 174, 192, 193, 195, 198, 199, 200, 203, 204, 206, 208, 209, 211, 213, 234, 237, 240, 241, 242, 243, 244, 247, 248, 250], "summary": {"covered_lines": 60, "num_statements": 60, "percent_covered": 100.0, "percent_covered_display": "100", "missing_lines": 0, "excluded_lines": 0}, "missing_lines": [], "excluded_lines": [], "functions": {"EntityReference.to_dict": {"executed_lines": [66], "summary": {"covered_lines": 1, "num_statements": 1, "percent_covered": 100.0, "percent_covered_display": "100", "missing_lines": 0, "excluded_lines": 0}, "missing_lines": [], "excluded_lines": []}, "EntityPreserver.__init__": {"executed_lines": [111], "summary": {"covered_lines": 1, "num_statements": 1, "percent_covered": 100.0, "percent_covered_display": "100", "missing_lines": 0, "excluded_lines": 0}, "missing_lines": [], "excluded_lines": []}, "EntityPreserver.analyze_entities": {"executed_lines": [135, 136, 138, 140, 142, 143, 146, 147, 148, 151, 152, 153, 154, 157, 167, 170, 172], "summary": {"covered_lines": 17, "num_statements": 17, "percent_covered": 100.0, "percent_covered_display": "100", "missing_lines": 0, "excluded_lines": 0}, "missing_lines": [], "excluded_lines": []}, "EntityPreserver.find_entity_gaps": {"executed_lines": [192, 193, 195, 198, 199, 200, 203, 204, 206, 208, 209, 211], "summary": {"covered_lines": 12, "num_statements": 12, "percent_covered": 100.0, "percent_covered_display": "100", "missing_lines": 0, "excluded_lines": 0}, "missing_lines": [], "excluded_lines": []}, "EntityPreserver.detect_entity_relationships": {"executed_lines": [234, 237, 240, 241, 242, 243, 244, 247, 248, 250], "summary": {"covered_lines": 10, "num_statements": 10, "percent_covered": 100.0, "percent_covered_display": "100", "missing_lines": 0, "excluded_lines": 0}, "missing_lines": [], "excluded_lines": []}, "": {"executed_lines": [1, 18, 19, 20, 22, 25, 26, 27, 53, 54, 55, 56, 57, 58, 60, 76, 77, 100, 109, 113, 174, 213], "summary": {"covered_lines": 19, "num_statements": 19, "percent_covered": 100.0, "percent_covered_display": "100", "missing_lines": 0, "excluded_lines": 0}, "missing_lines": [], "excluded_lines": []}}, "classes": {"EntityReference": {"executed_lines": [66], "summary": {"covered_lines": 1, "num_statements": 1, "percent_covered": 100.0, "percent_covered_display": "100", "missing_lines": 0, "excluded_lines": 0}, "missing_lines": [], "excluded_lines": []}, "EntityPreserver": {"executed_lines": [111, 135, 136, 138, 140, 142, 143, 146, 147, 148, 151, 152, 153, 154, 157, 167, 170, 172, 192, 193, 195, 198, 199, 200, 203, 204, 206, 208, 209, 211, 234, 237, 240, 241, 242, 243, 244, 247, 248, 250], "summary": {"covered_lines": 40, "num_statements": 40, "percent_covered": 100.0, "percent_covered_display": "100", "missing_lines": 0, "excluded_lines": 0}, "missing_lines": [], "excluded_lines": []}, "": {"executed_lines": [1, 18, 19, 20, 22, 25, 26, 27, 53, 54, 55, 56, 57, 58, 60, 76, 77, 100, 109, 113, 174, 213], "summary": {"covered_lines": 19, "num_statements": 19, "percent_covered": 100.0, "percent_covered_display": "100", "missing_lines": 0, "excluded_lines": 0}, "missing_lines": [], "excluded_lines": []}}}, "src\\data_extract\\chunk\\models.py": {"executed_lines": [1, 10, 11, 14, 15, 18, 19, 20, 56, 57, 58, 61, 63, 80, 82], "summary": {"covered_lines": 13, "num_statements": 14, "percent_covered": 92.85714285714286, "percent_covered_display": "93", "missing_lines": 1, "excluded_lines": 0}, "missing_lines": [69], "excluded_lines": [], "functions": {"ChunkMetadata.to_dict": {"executed_lines": [], "summary": {"covered_lines": 0, "num_statements": 1, "percent_covered": 0.0, "percent_covered_display": "0", "missing_lines": 1, "excluded_lines": 0}, "missing_lines": [69], "excluded_lines": []}, "": {"executed_lines": [1, 10, 11, 14, 15, 18, 19, 20, 56, 57, 58, 61, 63, 80, 82], "summary": {"covered_lines": 13, "num_statements": 13, "percent_covered": 100.0, "percent_covered_display": "100", "missing_lines": 0, "excluded_lines": 0}, "missing_lines": [], "excluded_lines": []}}, "classes": {"ChunkMetadata": {"executed_lines": [], "summary": {"covered_lines": 0, "num_statements": 1, "percent_covered": 0.0, "percent_covered_display": "0", "missing_lines": 1, "excluded_lines": 0}, "missing_lines": [69], "excluded_lines": []}, "": {"executed_lines": [1, 10, 11, 14, 15, 18, 19, 20, 56, 57, 58, 61, 63, 80, 82], "summary": {"covered_lines": 13, "num_statements": 13, "percent_covered": 100.0, "percent_covered_display": "100", "missing_lines": 0, "excluded_lines": 0}, "missing_lines": [], "excluded_lines": []}}}, "src\\data_extract\\chunk\\sentence_segmenter.py": {"executed_lines": [1, 6, 8, 11, 12, 24, 37, 38, 41, 44, 45, 46, 47, 48, 49, 50, 52], "summary": {"covered_lines": 15, "num_statements": 15, "percent_covered": 100.0, "percent_covered_display": "100", "missing_lines": 0, "excluded_lines": 0}, "missing_lines": [], "excluded_lines": [], "functions": {"SentenceSegmenter.segment": {"executed_lines": [37, 38, 41, 44, 45, 46, 47, 48, 49, 50, 52], "summary": {"covered_lines": 11, "num_statements": 11, "percent_covered": 100.0, "percent_covered_display": "100", "missing_lines": 0, "excluded_lines": 0}, "missing_lines": [], "excluded_lines": []}, "": {"executed_lines": [1, 6, 8, 11, 12, 24], "summary": {"covered_lines": 4, "num_statements": 4, "percent_covered": 100.0, "percent_covered_display": "100", "missing_lines": 0, "excluded_lines": 0}, "missing_lines": [], "excluded_lines": []}}, "classes": {"SentenceSegmenter": {"executed_lines": [37, 38, 41, 44, 45, 46, 47, 48, 49, 50, 52], "summary": {"covered_lines": 11, "num_statements": 11, "percent_covered": 100.0, "percent_covered_display": "100", "missing_lines": 0, "excluded_lines": 0}, "missing_lines": [], "excluded_lines": []}, "": {"executed_lines": [1, 6, 8, 11, 12, 24], "summary": {"covered_lines": 4, "num_statements": 4, "percent_covered": 100.0, "percent_covered_display": "100", "missing_lines": 0, "excluded_lines": 0}, "missing_lines": [], "excluded_lines": []}}}}, "totals": {"covered_lines": 360, "num_statements": 412, "percent_covered": 87.37864077669903, "percent_covered_display": "87", "missing_lines": 52, "excluded_lines": 0}}