============================= test session starts =============================
platform win32 -- Python 3.13.9, pytest-8.4.2, pluggy-1.6.0 -- C:\Users\Andrew\Projects\data-extraction-tool-1\venv\Scripts\python.exe
cachedir: .pytest_cache
rootdir: C:\Users\Andrew\Projects\data-extraction-tool-1
configfile: pytest.ini
testpaths: tests
plugins: cov-5.0.0, mock-3.15.1, xdist-3.8.0
collecting ... collected 1119 items

tests/integration/test_cli_workflows.py::test_cli_001_extract_command_with_real_docx <- ..\data-extraction-tool\tests\integration\test_cli_workflows.py PASSED [  0%]
tests/integration/test_cli_workflows.py::test_cli_002_extract_with_all_formats <- ..\data-extraction-tool\tests\integration\test_cli_workflows.py PASSED [  0%]
tests/integration/test_cli_workflows.py::test_cli_003_extract_to_markdown <- ..\data-extraction-tool\tests\integration\test_cli_workflows.py PASSED [  0%]
tests/integration/test_cli_workflows.py::test_cli_004_extract_creates_output_directory <- ..\data-extraction-tool\tests\integration\test_cli_workflows.py PASSED [  0%]
tests/integration/test_cli_workflows.py::test_cli_005_extract_default_output_location <- ..\data-extraction-tool\tests\integration\test_cli_workflows.py PASSED [  0%]
tests/integration/test_cli_workflows.py::test_cli_006_batch_command_with_directory <- ..\data-extraction-tool\tests\integration\test_cli_workflows.py PASSED [  0%]
tests/integration/test_cli_workflows.py::test_cli_007_batch_with_pattern_filter <- ..\data-extraction-tool\tests\integration\test_cli_workflows.py PASSED [  0%]
tests/integration/test_cli_workflows.py::test_cli_008_batch_with_custom_workers <- ..\data-extraction-tool\tests\integration\test_cli_workflows.py PASSED [  0%]
tests/integration/test_cli_workflows.py::test_cli_009_batch_with_explicit_file_list <- ..\data-extraction-tool\tests\integration\test_cli_workflows.py PASSED [  0%]
tests/integration/test_cli_workflows.py::test_cli_010_version_command <- ..\data-extraction-tool\tests\integration\test_cli_workflows.py PASSED [  0%]
tests/integration/test_cli_workflows.py::test_cli_011_version_verbose_mode <- ..\data-extraction-tool\tests\integration\test_cli_workflows.py PASSED [  0%]
tests/integration/test_cli_workflows.py::test_cli_012_version_short_flag <- ..\data-extraction-tool\tests\integration\test_cli_workflows.py FAILED [  1%]
tests/integration/test_cli_workflows.py::test_cli_013_config_show_command <- ..\data-extraction-tool\tests\integration\test_cli_workflows.py PASSED [  1%]
tests/integration/test_cli_workflows.py::test_cli_014_config_validate_valid <- ..\data-extraction-tool\tests\integration\test_cli_workflows.py PASSED [  1%]
tests/integration/test_cli_workflows.py::test_cli_015_config_validate_invalid <- ..\data-extraction-tool\tests\integration\test_cli_workflows.py FAILED [  1%]
tests/integration/test_cli_workflows.py::test_cli_016_config_path_command <- ..\data-extraction-tool\tests\integration\test_cli_workflows.py PASSED [  1%]
tests/integration/test_cli_workflows.py::test_cli_017_error_file_not_found <- ..\data-extraction-tool\tests\integration\test_cli_workflows.py PASSED [  1%]
tests/integration/test_cli_workflows.py::test_cli_018_error_unsupported_format <- ..\data-extraction-tool\tests\integration\test_cli_workflows.py PASSED [  1%]
tests/integration/test_cli_workflows.py::test_cli_019_error_invalid_output_format <- ..\data-extraction-tool\tests\integration\test_cli_workflows.py PASSED [  1%]
tests/integration/test_cli_workflows.py::test_cli_020_verbose_flag <- ..\data-extraction-tool\tests\integration\test_cli_workflows.py PASSED [  1%]
tests/integration/test_cli_workflows.py::test_cli_021_quiet_flag <- ..\data-extraction-tool\tests\integration\test_cli_workflows.py PASSED [  1%]
tests/integration/test_cli_workflows.py::test_cli_022_overwrite_protection <- ..\data-extraction-tool\tests\integration\test_cli_workflows.py PASSED [  1%]
tests/integration/test_cli_workflows.py::test_cli_023_force_overwrite <- ..\data-extraction-tool\tests\integration\test_cli_workflows.py PASSED [  2%]
tests/integration/test_cli_workflows.py::test_cli_024_progress_bar_display <- ..\data-extraction-tool\tests\integration\test_cli_workflows.py PASSED [  2%]
tests/integration/test_cli_workflows.py::test_cli_025_batch_progress_tracking <- ..\data-extraction-tool\tests\integration\test_cli_workflows.py PASSED [  2%]
tests/integration/test_cli_workflows.py::test_cli_026_full_workflow_integration <- ..\data-extraction-tool\tests\integration\test_cli_workflows.py PASSED [  2%]
tests/integration/test_cli_workflows.py::test_cli_027_error_recovery <- ..\data-extraction-tool\tests\integration\test_cli_workflows.py PASSED [  2%]
tests/integration/test_cli_workflows.py::test_cli_028_extract_without_config_flag_uses_defaults <- ..\data-extraction-tool\tests\integration\test_cli_workflows.py PASSED [  2%]
tests/integration/test_cli_workflows.py::test_cli_029_extract_then_batch_with_same_config <- ..\data-extraction-tool\tests\integration\test_cli_workflows.py PASSED [  2%]
tests/integration/test_cli_workflows.py::test_cli_030_config_show_then_extract <- ..\data-extraction-tool\tests\integration\test_cli_workflows.py PASSED [  2%]
tests/integration/test_cli_workflows.py::test_cli_031_version_compatibility_check <- ..\data-extraction-tool\tests\integration\test_cli_workflows.py PASSED [  2%]
tests/integration/test_cli_workflows.py::test_cli_032_batch_with_multiple_format_outputs <- ..\data-extraction-tool\tests\integration\test_cli_workflows.py PASSED [  2%]
tests/integration/test_cli_workflows.py::test_cli_033_extract_with_relative_paths <- ..\data-extraction-tool\tests\integration\test_cli_workflows.py PASSED [  2%]
tests/integration/test_cli_workflows.py::test_cli_034_cli_error_messages_user_friendly <- ..\data-extraction-tool\tests\integration\test_cli_workflows.py PASSED [  3%]
tests/integration/test_cli_workflows.py::test_cli_035_batch_progress_display_updates <- ..\data-extraction-tool\tests\integration\test_cli_workflows.py PASSED [  3%]
tests/integration/test_cli_workflows.py::test_cli_036_extract_output_directory_auto_created <- ..\data-extraction-tool\tests\integration\test_cli_workflows.py PASSED [  3%]
tests/integration/test_cli_workflows.py::test_cli_037_config_validate_invalid_shows_helpful_error <- ..\data-extraction-tool\tests\integration\test_cli_workflows.py FAILED [  3%]
tests/integration/test_cli_workflows.py::test_cli_038_batch_empty_directory_handled <- ..\data-extraction-tool\tests\integration\test_cli_workflows.py FAILED [  3%]
tests/integration/test_cross_format_validation.py::test_cf_001_same_content_docx_vs_pdf_extraction <- ..\data-extraction-tool\tests\integration\test_cross_format_validation.py PASSED [  3%]
tests/integration/test_cross_format_validation.py::test_cf_002_same_source_multiple_formatters_consistency <- ..\data-extraction-tool\tests\integration\test_cross_format_validation.py FAILED [  3%]
tests/integration/test_cross_format_validation.py::test_cf_003_same_content_different_processors_complementary <- ..\data-extraction-tool\tests\integration\test_cross_format_validation.py FAILED [  3%]
tests/integration/test_cross_format_validation.py::test_cf_004_multi_format_batch_consistent_quality <- ..\data-extraction-tool\tests\integration\test_cross_format_validation.py PASSED [  3%]
tests/integration/test_cross_format_validation.py::test_cf_005_format_specific_metadata_preserved <- ..\data-extraction-tool\tests\integration\test_cross_format_validation.py PASSED [  3%]
tests/integration/test_cross_format_validation.py::test_cf_006_consistent_block_type_classification <- ..\data-extraction-tool\tests\integration\test_cross_format_validation.py FAILED [  3%]
tests/integration/test_cross_format_validation.py::test_cf_007_consistent_error_handling_across_formats <- ..\data-extraction-tool\tests\integration\test_cross_format_validation.py PASSED [  4%]
tests/integration/test_end_to_end.py::test_full_pipeline_extraction[docx-json] <- ..\data-extraction-tool\tests\integration\test_end_to_end.py ERROR [  4%]
tests/integration/test_end_to_end.py::test_full_pipeline_extraction[docx-markdown] <- ..\data-extraction-tool\tests\integration\test_end_to_end.py ERROR [  4%]
tests/integration/test_end_to_end.py::test_full_pipeline_extraction[docx-chunked] <- ..\data-extraction-tool\tests\integration\test_end_to_end.py ERROR [  4%]
tests/integration/test_end_to_end.py::test_full_pipeline_extraction[pdf-json] <- ..\data-extraction-tool\tests\integration\test_end_to_end.py ERROR [  4%]
tests/integration/test_end_to_end.py::test_full_pipeline_extraction[pdf-markdown] <- ..\data-extraction-tool\tests\integration\test_end_to_end.py ERROR [  4%]
tests/integration/test_end_to_end.py::test_full_pipeline_extraction[pdf-chunked] <- ..\data-extraction-tool\tests\integration\test_end_to_end.py ERROR [  4%]
tests/integration/test_end_to_end.py::test_full_pipeline_extraction[txt-json] <- ..\data-extraction-tool\tests\integration\test_end_to_end.py ERROR [  4%]
tests/integration/test_end_to_end.py::test_full_pipeline_extraction[txt-markdown] <- ..\data-extraction-tool\tests\integration\test_end_to_end.py ERROR [  4%]
tests/integration/test_end_to_end.py::test_full_pipeline_extraction[txt-chunked] <- ..\data-extraction-tool\tests\integration\test_end_to_end.py ERROR [  4%]
tests/integration/test_end_to_end.py::test_e2e_full_processor_chain <- ..\data-extraction-tool\tests\integration\test_end_to_end.py PASSED [  4%]
tests/integration/test_end_to_end.py::test_e2e_progress_tracking_integration <- ..\data-extraction-tool\tests\integration\test_end_to_end.py PASSED [  5%]
tests/integration/test_end_to_end.py::test_e2e_multi_format_batch_pipeline <- ..\data-extraction-tool\tests\integration\test_end_to_end.py PASSED [  5%]
tests/integration/test_end_to_end.py::test_e2e_multiple_formatters_parallel <- ..\data-extraction-tool\tests\integration\test_end_to_end.py PASSED [  5%]
tests/integration/test_end_to_end.py::test_e2e_quality_score_computation <- ..\data-extraction-tool\tests\integration\test_end_to_end.py PASSED [  5%]
tests/integration/test_end_to_end.py::test_e2e_empty_file_handling <- ..\data-extraction-tool\tests\integration\test_end_to_end.py PASSED [  5%]
tests/integration/test_end_to_end.py::test_e2e_large_file_processing <- ..\data-extraction-tool\tests\integration\test_end_to_end.py PASSED [  5%]
tests/integration/test_end_to_end.py::test_e2e_metadata_propagation <- ..\data-extraction-tool\tests\integration\test_end_to_end.py PASSED [  5%]
tests/integration/test_end_to_end.py::test_e2e_batch_progress_tracking <- ..\data-extraction-tool\tests\integration\test_end_to_end.py PASSED [  5%]
tests/integration/test_end_to_end.py::test_e2e_docx_with_tables <- ..\data-extraction-tool\tests\integration\test_end_to_end.py PASSED [  5%]
tests/integration/test_end_to_end.py::test_e2e_pdf_text_extraction <- ..\data-extraction-tool\tests\integration\test_end_to_end.py ERROR [  5%]
tests/integration/test_end_to_end.py::test_e2e_config_integration <- ..\data-extraction-tool\tests\integration\test_end_to_end.py PASSED [  5%]
tests/integration/test_end_to_end.py::test_e2e_logging_integration <- ..\data-extraction-tool\tests\integration\test_end_to_end.py PASSED [  5%]
tests/integration/test_end_to_end.py::test_e2e_error_handler_integration <- ..\data-extraction-tool\tests\integration\test_end_to_end.py PASSED [  6%]
tests/integration/test_extractor_processor_integration.py::test_ep_001_docx_to_context_linker_preserves_hierarchy <- ..\data-extraction-tool\tests\integration\test_extractor_processor_integration.py FAILED [  6%]
tests/integration/test_extractor_processor_integration.py::test_ep_002_docx_to_metadata_aggregator_enriches_metadata <- ..\data-extraction-tool\tests\integration\test_extractor_processor_integration.py PASSED [  6%]
tests/integration/test_extractor_processor_integration.py::test_ep_003_docx_to_quality_validator_scores_extraction <- ..\data-extraction-tool\tests\integration\test_extractor_processor_integration.py PASSED [  6%]
tests/integration/test_extractor_processor_integration.py::test_ep_004_pdf_to_metadata_aggregator_preserves_page_numbers <- ..\data-extraction-tool\tests\integration\test_extractor_processor_integration.py ERROR [  6%]
tests/integration/test_extractor_processor_integration.py::test_ep_005_pdf_to_context_linker_handles_sequential_content <- ..\data-extraction-tool\tests\integration\test_extractor_processor_integration.py ERROR [  6%]
tests/integration/test_extractor_processor_integration.py::test_ep_006_pptx_to_quality_validator_maintains_slide_context <- ..\data-extraction-tool\tests\integration\test_extractor_processor_integration.py FAILED [  6%]
tests/integration/test_extractor_processor_integration.py::test_ep_007_xlsx_to_all_processors_handles_tabular_data <- ..\data-extraction-tool\tests\integration\test_extractor_processor_integration.py FAILED [  6%]
tests/integration/test_extractor_processor_integration.py::test_ep_008_multiple_extractors_same_processor <- ..\data-extraction-tool\tests\integration\test_extractor_processor_integration.py ERROR [  6%]
tests/integration/test_extractor_processor_integration.py::test_ep_009_extraction_errors_handled_by_processors <- ..\data-extraction-tool\tests\integration\test_extractor_processor_integration.py FAILED [  6%]
tests/integration/test_extractor_processor_integration.py::test_ep_010_processor_chain_propagates_enrichments <- ..\data-extraction-tool\tests\integration\test_extractor_processor_integration.py FAILED [  6%]
tests/integration/test_extractor_processor_integration.py::test_ep_011_txt_to_processors_handles_simple_structure <- ..\data-extraction-tool\tests\integration\test_extractor_processor_integration.py FAILED [  7%]
tests/integration/test_extractor_processor_integration.py::test_ep_012_processors_handle_empty_input <- ..\data-extraction-tool\tests\integration\test_extractor_processor_integration.py FAILED [  7%]
tests/integration/test_infrastructure_integration.py::test_ii_001_config_loading_logged <- ..\data-extraction-tool\tests\integration\test_infrastructure_integration.py PASSED [  7%]
tests/integration/test_infrastructure_integration.py::test_ii_002_config_with_default_logging <- ..\data-extraction-tool\tests\integration\test_infrastructure_integration.py PASSED [  7%]
tests/integration/test_infrastructure_integration.py::test_ii_003_errors_logged_correctly <- ..\data-extraction-tool\tests\integration\test_infrastructure_integration.py PASSED [  7%]
tests/integration/test_infrastructure_integration.py::test_ii_004_warning_vs_error_logging_levels <- ..\data-extraction-tool\tests\integration\test_infrastructure_integration.py PASSED [  7%]
tests/integration/test_infrastructure_integration.py::test_ii_005_progress_continues_despite_errors <- ..\data-extraction-tool\tests\integration\test_infrastructure_integration.py PASSED [  7%]
tests/integration/test_infrastructure_integration.py::test_ii_006_error_handler_with_progress_tracker <- ..\data-extraction-tool\tests\integration\test_infrastructure_integration.py PASSED [  7%]
tests/integration/test_infrastructure_integration.py::test_ii_007_all_infrastructure_with_pipeline <- ..\data-extraction-tool\tests\integration\test_infrastructure_integration.py PASSED [  7%]
tests/integration/test_infrastructure_integration.py::test_ii_008_config_changes_affect_runtime <- ..\data-extraction-tool\tests\integration\test_infrastructure_integration.py PASSED [  7%]
tests/integration/test_infrastructure_integration.py::test_ii_009_logging_level_filtering <- ..\data-extraction-tool\tests\integration\test_infrastructure_integration.py PASSED [  7%]
tests/integration/test_infrastructure_integration.py::test_ii_010_error_context_preserved_through_stack <- ..\data-extraction-tool\tests\integration\test_infrastructure_integration.py PASSED [  8%]
tests/integration/test_infrastructure_integration.py::test_ii_011_progress_tracker_independent_per_operation <- ..\data-extraction-tool\tests\integration\test_infrastructure_integration.py PASSED [  8%]
tests/integration/test_infrastructure_integration.py::test_ii_012_config_manager_handles_missing_file <- ..\data-extraction-tool\tests\integration\test_infrastructure_integration.py PASSED [  8%]
tests/integration/test_infrastructure_integration.py::test_ii_013_config_manager_with_none_uses_defaults <- ..\data-extraction-tool\tests\integration\test_infrastructure_integration.py PASSED [  8%]
tests/integration/test_pipeline_architecture.py::TestPipelineOrchestration::test_end_to_end_pipeline_flow <- ..\data-extraction-tool\tests\integration\test_pipeline_architecture.py PASSED [  8%]
tests/integration/test_pipeline_architecture.py::TestPipelineOrchestration::test_pipeline_with_logger <- ..\data-extraction-tool\tests\integration\test_pipeline_architecture.py PASSED [  8%]
tests/integration/test_pipeline_architecture.py::TestPipelineOrchestration::test_pipeline_with_config <- ..\data-extraction-tool\tests\integration\test_pipeline_architecture.py PASSED [  8%]
tests/integration/test_pipeline_architecture.py::TestPipelineOrchestration::test_pipeline_metrics_accumulation <- ..\data-extraction-tool\tests\integration\test_pipeline_architecture.py PASSED [  8%]
tests/integration/test_pipeline_architecture.py::TestPipelineOrchestration::test_individual_stage_standalone <- ..\data-extraction-tool\tests\integration\test_pipeline_architecture.py PASSED [  8%]
tests/integration/test_pipeline_architecture.py::TestPipelineErrorHandling::test_processing_error_propagates <- ..\data-extraction-tool\tests\integration\test_pipeline_architecture.py PASSED [  8%]
tests/integration/test_pipeline_architecture.py::TestPipelineErrorHandling::test_critical_error_propagates <- ..\data-extraction-tool\tests\integration\test_pipeline_architecture.py PASSED [  8%]
tests/integration/test_pipeline_architecture.py::TestPipelineErrorHandling::test_processing_error_halts_pipeline <- ..\data-extraction-tool\tests\integration\test_pipeline_architecture.py PASSED [  9%]
tests/integration/test_pipeline_architecture.py::TestPipelineErrorHandling::test_critical_error_halts_pipeline <- ..\data-extraction-tool\tests\integration\test_pipeline_architecture.py PASSED [  9%]
tests/integration/test_pipeline_architecture.py::TestPipelineErrorHandling::test_batch_processing_with_error_handling <- ..\data-extraction-tool\tests\integration\test_pipeline_architecture.py PASSED [  9%]
tests/integration/test_pipeline_architecture.py::TestPipelineTypeContracts::test_type_flow_str_to_int_to_str <- ..\data-extraction-tool\tests\integration\test_pipeline_architecture.py PASSED [  9%]
tests/integration/test_pipeline_architecture.py::TestPipelineTypeContracts::test_empty_pipeline_returns_input <- ..\data-extraction-tool\tests\integration\test_pipeline_architecture.py PASSED [  9%]
tests/integration/test_pipeline_architecture.py::TestPipelineTypeContracts::test_single_stage_pipeline <- ..\data-extraction-tool\tests\integration\test_pipeline_architecture.py PASSED [  9%]
tests/integration/test_pipeline_architecture.py::TestProcessingContextIntegration::test_context_passed_through_all_stages <- ..\data-extraction-tool\tests\integration\test_pipeline_architecture.py PASSED [  9%]
tests/integration/test_pipeline_architecture.py::TestProcessingContextIntegration::test_context_config_accessible_all_stages <- ..\data-extraction-tool\tests\integration\test_pipeline_architecture.py PASSED [  9%]
tests/integration/test_pipeline_architecture.py::TestProcessingContextIntegration::test_context_metrics_mutable <- ..\data-extraction-tool\tests\integration\test_pipeline_architecture.py PASSED [  9%]
tests/integration/test_pipeline_basic.py::test_fixture_loading_basic <- ..\data-extraction-tool\tests\integration\test_pipeline_basic.py PASSED [  9%]
tests/integration/test_pipeline_basic.py::test_document_object_creation <- ..\data-extraction-tool\tests\integration\test_pipeline_basic.py PASSED [  9%]
tests/integration/test_pipeline_basic.py::test_simple_extraction_pipeline <- ..\data-extraction-tool\tests\integration\test_pipeline_basic.py PASSED [ 10%]
tests/integration/test_pipeline_basic.py::test_txt_extractor_basic_workflow <- ..\data-extraction-tool\tests\integration\test_pipeline_basic.py PASSED [ 10%]
tests/integration/test_pipeline_basic.py::test_pipeline_with_all_extractors <- ..\data-extraction-tool\tests\integration\test_pipeline_basic.py PASSED [ 10%]
tests/integration/test_pipeline_basic.py::test_empty_file_handling <- ..\data-extraction-tool\tests\integration\test_pipeline_basic.py PASSED [ 10%]
tests/integration/test_pipeline_basic.py::test_nonexistent_file_handling <- ..\data-extraction-tool\tests\integration\test_pipeline_basic.py PASSED [ 10%]
tests/integration/test_pipeline_basic.py::test_extraction_with_minimal_content <- ..\data-extraction-tool\tests\integration\test_pipeline_basic.py PASSED [ 10%]
tests/integration/test_pipeline_basic.py::test_docx_extraction_error_handling <- ..\data-extraction-tool\tests\integration\test_pipeline_basic.py PASSED [ 10%]
tests/integration/test_pipeline_basic.py::test_pipeline_with_extraction_failure <- ..\data-extraction-tool\tests\integration\test_pipeline_basic.py PASSED [ 10%]
tests/integration/test_pipeline_orchestration.py::test_po_001_pipeline_auto_detects_docx <- ..\data-extraction-tool\tests\integration\test_pipeline_orchestration.py PASSED [ 10%]
tests/integration/test_pipeline_orchestration.py::test_po_002_pipeline_auto_detects_pdf <- ..\data-extraction-tool\tests\integration\test_pipeline_orchestration.py ERROR [ 10%]
tests/integration/test_pipeline_orchestration.py::test_po_003_pipeline_handles_unsupported_format <- ..\data-extraction-tool\tests\integration\test_pipeline_orchestration.py PASSED [ 10%]
tests/integration/test_pipeline_orchestration.py::test_po_004_full_pipeline_end_to_end <- ..\data-extraction-tool\tests\integration\test_pipeline_orchestration.py FAILED [ 10%]
tests/integration/test_pipeline_orchestration.py::test_po_005_pipeline_processor_dependency_ordering <- ..\data-extraction-tool\tests\integration\test_pipeline_orchestration.py FAILED [ 11%]
tests/integration/test_pipeline_orchestration.py::test_po_006_batch_processes_multiple_files <- ..\data-extraction-tool\tests\integration\test_pipeline_orchestration.py PASSED [ 11%]
tests/integration/test_pipeline_orchestration.py::test_po_007_batch_handles_mixed_formats <- ..\data-extraction-tool\tests\integration\test_pipeline_orchestration.py ERROR [ 11%]
tests/integration/test_pipeline_orchestration.py::test_po_008_batch_partial_failures <- ..\data-extraction-tool\tests\integration\test_pipeline_orchestration.py PASSED [ 11%]
tests/integration/test_pipeline_orchestration.py::test_po_009_batch_respects_max_workers <- ..\data-extraction-tool\tests\integration\test_pipeline_orchestration.py PASSED [ 11%]
tests/integration/test_pipeline_orchestration.py::test_po_010_pipeline_respects_configuration <- ..\data-extraction-tool\tests\integration\test_pipeline_orchestration.py PASSED [ 11%]
tests/integration/test_pipeline_orchestration.py::test_po_011_pipeline_progress_tracking <- ..\data-extraction-tool\tests\integration\test_pipeline_orchestration.py PASSED [ 11%]
tests/integration/test_pipeline_orchestration.py::test_po_012_batch_progress_tracking <- ..\data-extraction-tool\tests\integration\test_pipeline_orchestration.py PASSED [ 11%]
tests/integration/test_pipeline_orchestration.py::test_po_013_same_input_multiple_output_formats <- ..\data-extraction-tool\tests\integration\test_pipeline_orchestration.py PASSED [ 11%]
tests/integration/test_pipeline_orchestration.py::test_po_014_pipeline_error_recovery <- ..\data-extraction-tool\tests\integration\test_pipeline_orchestration.py PASSED [ 11%]
tests/integration/test_pipeline_orchestration.py::test_po_015_pipeline_empty_file_handling <- ..\data-extraction-tool\tests\integration\test_pipeline_orchestration.py PASSED [ 11%]
tests/integration/test_pipeline_orchestration.py::test_po_016_pipeline_handles_large_file <- ..\data-extraction-tool\tests\integration\test_pipeline_orchestration.py PASSED [ 12%]
tests/integration/test_pipeline_orchestration.py::test_po_017_batch_output_directory_creation <- ..\data-extraction-tool\tests\integration\test_pipeline_orchestration.py PASSED [ 12%]
tests/integration/test_processor_formatter_integration.py::test_pf_001_processed_to_json_includes_all_metadata <- ..\data-extraction-tool\tests\integration\test_processor_formatter_integration.py FAILED [ 12%]
tests/integration/test_processor_formatter_integration.py::test_pf_002_minimal_processing_to_json <- ..\data-extraction-tool\tests\integration\test_processor_formatter_integration.py SKIPPED [ 12%]
tests/integration/test_processor_formatter_integration.py::test_pf_003_processed_to_markdown_hierarchy_as_headers <- ..\data-extraction-tool\tests\integration\test_processor_formatter_integration.py FAILED [ 12%]
tests/integration/test_processor_formatter_integration.py::test_pf_004_extensive_processing_to_markdown <- ..\data-extraction-tool\tests\integration\test_processor_formatter_integration.py FAILED [ 12%]
tests/integration/test_processor_formatter_integration.py::test_pf_005_processed_to_chunked_preserves_context <- ..\data-extraction-tool\tests\integration\test_processor_formatter_integration.py FAILED [ 12%]
tests/integration/test_processor_formatter_integration.py::test_pf_006_minimal_processing_to_chunked <- ..\data-extraction-tool\tests\integration\test_processor_formatter_integration.py SKIPPED [ 12%]
tests/integration/test_processor_formatter_integration.py::test_pf_007_same_processing_multiple_formatters <- ..\data-extraction-tool\tests\integration\test_processor_formatter_integration.py FAILED [ 12%]
tests/integration/test_processor_formatter_integration.py::test_pf_008_formatters_handle_processing_errors <- ..\data-extraction-tool\tests\integration\test_processor_formatter_integration.py FAILED [ 12%]
tests/integration/test_processor_formatter_integration.py::test_pf_009_formatters_handle_empty_input <- ..\data-extraction-tool\tests\integration\test_processor_formatter_integration.py FAILED [ 12%]
tests/integration/test_processor_formatter_integration.py::test_pf_010_formatters_handle_quality_scores <- ..\data-extraction-tool\tests\integration\test_processor_formatter_integration.py FAILED [ 13%]
tests/integration/test_processor_formatter_integration.py::test_pf_011_formatters_handle_complex_content_types <- ..\data-extraction-tool\tests\integration\test_processor_formatter_integration.py FAILED [ 13%]
tests/performance/test_baseline_capture.py::TestBaselineCapture::test_capture_pdf_baselines <- ..\data-extraction-tool\tests\performance\test_baseline_capture.py 